<?xml version="1.0" encoding="utf-8"?>
<TestRun id="8eed487b-9abe-4cd6-9d06-9e5f9fd718d5" name="@7ec11a7b000f 2025-07-20 23:23:10" xmlns="http://microsoft.com/schemas/VisualStudio/TeamTest/2010">
  <Times creation="2025-07-20T23:23:10.0632156+00:00" queuing="2025-07-20T23:23:10.0632156+00:00" start="2025-07-20T23:23:09.0558271+00:00" finish="2025-07-20T23:23:10.0665052+00:00" />
  <TestSettings name="default" id="0e1f37cb-16b2-45d6-b78f-255366b2af07">
    <Deployment runDeploymentRoot="_7ec11a7b000f_2025-07-20_23_23_10" />
  </TestSettings>
  <Results>
    <UnitTestResult executionId="2f87cbe5-7f38-47af-98dc-ba2569a1ec6a" testId="c7f64efb-d82f-b82a-ebf3-e03ef3b51485" testName="EventControllerTests.GetEventById_ReturnsOkResult_WhenEventExists" computerName="7ec11a7b000f" duration="00:00:00.0559775" startTime="2025-07-20T23:23:09.8949254+00:00" endTime="2025-07-20T23:23:09.9506371+00:00" testType="13cdc9d9-ddb5-4fa4-a97d-d965ccfc6d4b" outcome="Passed" testListId="8c84fa94-04c1-424b-9868-57a2d4851a1d" relativeResultsDirectory="2f87cbe5-7f38-47af-98dc-ba2569a1ec6a" />
    <UnitTestResult executionId="63c03b99-e0df-4f97-8148-5b3483b5c51a" testId="0d1122d4-406a-025f-de35-a3f228e49ae7" testName="UserControllerTests.GetProfile_ReturnsNotFound_WhenUserDoesNotExist" computerName="7ec11a7b000f" duration="00:00:00.0056340" startTime="2025-07-20T23:23:09.6716757+00:00" endTime="2025-07-20T23:23:09.6717346+00:00" testType="13cdc9d9-ddb5-4fa4-a97d-d965ccfc6d4b" outcome="Passed" testListId="8c84fa94-04c1-424b-9868-57a2d4851a1d" relativeResultsDirectory="63c03b99-e0df-4f97-8148-5b3483b5c51a" />
    <UnitTestResult executionId="8f087e13-232b-447f-841b-64536e397ed4" testId="337c67e3-cca9-bae8-eeb9-ade213356230" testName="UserControllerTests.GetProfile_ReturnsOkResult_WhenUserExists" computerName="7ec11a7b000f" duration="00:00:00.1195493" startTime="2025-07-20T23:23:09.5381078+00:00" endTime="2025-07-20T23:23:09.6643143+00:00" testType="13cdc9d9-ddb5-4fa4-a97d-d965ccfc6d4b" outcome="Passed" testListId="8c84fa94-04c1-424b-9868-57a2d4851a1d" relativeResultsDirectory="8f087e13-232b-447f-841b-64536e397ed4" />
    <UnitTestResult executionId="7045b315-3ef9-4deb-b2a7-3f81ea66dac9" testId="98ed81f6-7f6d-5cb6-5f63-7729c747c590" testName="EventControllerTests.GetUserEvents_ReturnsEmpty_WhenUserHasNoEvents" computerName="7ec11a7b000f" duration="00:00:00.0024787" startTime="2025-07-20T23:23:09.9901227+00:00" endTime="2025-07-20T23:23:09.9925618+00:00" testType="13cdc9d9-ddb5-4fa4-a97d-d965ccfc6d4b" outcome="Passed" testListId="8c84fa94-04c1-424b-9868-57a2d4851a1d" relativeResultsDirectory="7045b315-3ef9-4deb-b2a7-3f81ea66dac9" />
    <UnitTestResult executionId="3119fe27-5d21-49e6-b198-07de04795c63" testId="f0d91a8c-acac-0c52-07c1-081919e98ed7" testName="EventControllerTests.GetEventById_ReturnsNotFound_WhenEventDoesNotExist" computerName="7ec11a7b000f" duration="00:00:00.3536125" startTime="2025-07-20T23:23:09.5390867+00:00" endTime="2025-07-20T23:23:09.8946932+00:00" testType="13cdc9d9-ddb5-4fa4-a97d-d965ccfc6d4b" outcome="Passed" testListId="8c84fa94-04c1-424b-9868-57a2d4851a1d" relativeResultsDirectory="3119fe27-5d21-49e6-b198-07de04795c63" />
    <UnitTestResult executionId="5e18beeb-cf23-4ca7-89bf-529bd1c4a1f2" testId="8f6379b7-1f51-a31b-1a2d-8062f0cb2b6f" testName="EventControllerTests.GetUserEvents_ReturnsOkResult_WhenUserHasEvents" computerName="7ec11a7b000f" duration="00:00:00.0375503" startTime="2025-07-20T23:23:09.9507507+00:00" endTime="2025-07-20T23:23:09.9883351+00:00" testType="13cdc9d9-ddb5-4fa4-a97d-d965ccfc6d4b" outcome="Passed" testListId="8c84fa94-04c1-424b-9868-57a2d4851a1d" relativeResultsDirectory="5e18beeb-cf23-4ca7-89bf-529bd1c4a1f2" />
    <UnitTestResult executionId="48d9197c-338a-4890-a981-652ffd4d3cba" testId="4b3f62b4-e923-cd4c-3342-dd3aee253c16" testName="EventControllerTests.CreateEvent_ReturnsCreatedResult_WhenEventIsValid" computerName="7ec11a7b000f" duration="00:00:00.0016281" startTime="2025-07-20T23:23:09.9885589+00:00" endTime="2025-07-20T23:23:09.9900332+00:00" testType="13cdc9d9-ddb5-4fa4-a97d-d965ccfc6d4b" outcome="Passed" testListId="8c84fa94-04c1-424b-9868-57a2d4851a1d" relativeResultsDirectory="48d9197c-338a-4890-a981-652ffd4d3cba" />
  </Results>
  <TestDefinitions>
    <UnitTest name="EventControllerTests.GetUserEvents_ReturnsOkResult_WhenUserHasEvents" storage="/src/bin/debug/net9.0/aspnetcoreapi.tests.dll" id="8f6379b7-1f51-a31b-1a2d-8062f0cb2b6f">
      <Execution id="5e18beeb-cf23-4ca7-89bf-529bd1c4a1f2" />
      <TestMethod codeBase="/src/bin/Debug/net9.0/AspNetCoreApi.Tests.dll" adapterTypeName="executor://xunit/VsTestRunner3/netcore/" className="EventControllerTests" name="GetUserEvents_ReturnsOkResult_WhenUserHasEvents" />
    </UnitTest>
    <UnitTest name="EventControllerTests.CreateEvent_ReturnsCreatedResult_WhenEventIsValid" storage="/src/bin/debug/net9.0/aspnetcoreapi.tests.dll" id="4b3f62b4-e923-cd4c-3342-dd3aee253c16">
      <Execution id="48d9197c-338a-4890-a981-652ffd4d3cba" />
      <TestMethod codeBase="/src/bin/Debug/net9.0/AspNetCoreApi.Tests.dll" adapterTypeName="executor://xunit/VsTestRunner3/netcore/" className="EventControllerTests" name="CreateEvent_ReturnsCreatedResult_WhenEventIsValid" />
    </UnitTest>
    <UnitTest name="EventControllerTests.GetEventById_ReturnsOkResult_WhenEventExists" storage="/src/bin/debug/net9.0/aspnetcoreapi.tests.dll" id="c7f64efb-d82f-b82a-ebf3-e03ef3b51485">
      <Execution id="2f87cbe5-7f38-47af-98dc-ba2569a1ec6a" />
      <TestMethod codeBase="/src/bin/Debug/net9.0/AspNetCoreApi.Tests.dll" adapterTypeName="executor://xunit/VsTestRunner3/netcore/" className="EventControllerTests" name="GetEventById_ReturnsOkResult_WhenEventExists" />
    </UnitTest>
    <UnitTest name="UserControllerTests.GetProfile_ReturnsNotFound_WhenUserDoesNotExist" storage="/src/bin/debug/net9.0/aspnetcoreapi.tests.dll" id="0d1122d4-406a-025f-de35-a3f228e49ae7">
      <Execution id="63c03b99-e0df-4f97-8148-5b3483b5c51a" />
      <TestMethod codeBase="/src/bin/Debug/net9.0/AspNetCoreApi.Tests.dll" adapterTypeName="executor://xunit/VsTestRunner3/netcore/" className="UserControllerTests" name="GetProfile_ReturnsNotFound_WhenUserDoesNotExist" />
    </UnitTest>
    <UnitTest name="UserControllerTests.GetProfile_ReturnsOkResult_WhenUserExists" storage="/src/bin/debug/net9.0/aspnetcoreapi.tests.dll" id="337c67e3-cca9-bae8-eeb9-ade213356230">
      <Execution id="8f087e13-232b-447f-841b-64536e397ed4" />
      <TestMethod codeBase="/src/bin/Debug/net9.0/AspNetCoreApi.Tests.dll" adapterTypeName="executor://xunit/VsTestRunner3/netcore/" className="UserControllerTests" name="GetProfile_ReturnsOkResult_WhenUserExists" />
    </UnitTest>
    <UnitTest name="EventControllerTests.GetEventById_ReturnsNotFound_WhenEventDoesNotExist" storage="/src/bin/debug/net9.0/aspnetcoreapi.tests.dll" id="f0d91a8c-acac-0c52-07c1-081919e98ed7">
      <Execution id="3119fe27-5d21-49e6-b198-07de04795c63" />
      <TestMethod codeBase="/src/bin/Debug/net9.0/AspNetCoreApi.Tests.dll" adapterTypeName="executor://xunit/VsTestRunner3/netcore/" className="EventControllerTests" name="GetEventById_ReturnsNotFound_WhenEventDoesNotExist" />
    </UnitTest>
    <UnitTest name="EventControllerTests.GetUserEvents_ReturnsEmpty_WhenUserHasNoEvents" storage="/src/bin/debug/net9.0/aspnetcoreapi.tests.dll" id="98ed81f6-7f6d-5cb6-5f63-7729c747c590">
      <Execution id="7045b315-3ef9-4deb-b2a7-3f81ea66dac9" />
      <TestMethod codeBase="/src/bin/Debug/net9.0/AspNetCoreApi.Tests.dll" adapterTypeName="executor://xunit/VsTestRunner3/netcore/" className="EventControllerTests" name="GetUserEvents_ReturnsEmpty_WhenUserHasNoEvents" />
    </UnitTest>
  </TestDefinitions>
  <TestEntries>
    <TestEntry testId="c7f64efb-d82f-b82a-ebf3-e03ef3b51485" executionId="2f87cbe5-7f38-47af-98dc-ba2569a1ec6a" testListId="8c84fa94-04c1-424b-9868-57a2d4851a1d" />
    <TestEntry testId="0d1122d4-406a-025f-de35-a3f228e49ae7" executionId="63c03b99-e0df-4f97-8148-5b3483b5c51a" testListId="8c84fa94-04c1-424b-9868-57a2d4851a1d" />
    <TestEntry testId="337c67e3-cca9-bae8-eeb9-ade213356230" executionId="8f087e13-232b-447f-841b-64536e397ed4" testListId="8c84fa94-04c1-424b-9868-57a2d4851a1d" />
    <TestEntry testId="98ed81f6-7f6d-5cb6-5f63-7729c747c590" executionId="7045b315-3ef9-4deb-b2a7-3f81ea66dac9" testListId="8c84fa94-04c1-424b-9868-57a2d4851a1d" />
    <TestEntry testId="f0d91a8c-acac-0c52-07c1-081919e98ed7" executionId="3119fe27-5d21-49e6-b198-07de04795c63" testListId="8c84fa94-04c1-424b-9868-57a2d4851a1d" />
    <TestEntry testId="8f6379b7-1f51-a31b-1a2d-8062f0cb2b6f" executionId="5e18beeb-cf23-4ca7-89bf-529bd1c4a1f2" testListId="8c84fa94-04c1-424b-9868-57a2d4851a1d" />
    <TestEntry testId="4b3f62b4-e923-cd4c-3342-dd3aee253c16" executionId="48d9197c-338a-4890-a981-652ffd4d3cba" testListId="8c84fa94-04c1-424b-9868-57a2d4851a1d" />
  </TestEntries>
  <TestLists>
    <TestList name="Results Not in a List" id="8c84fa94-04c1-424b-9868-57a2d4851a1d" />
    <TestList name="All Loaded Results" id="19431567-8539-422a-85d7-44ee4e166bda" />
  </TestLists>
  <ResultSummary outcome="Completed">
    <Counters total="7" executed="7" passed="7" failed="0" error="0" timeout="0" aborted="0" inconclusive="0" passedButRunAborted="0" notRunnable="0" notExecuted="0" disconnected="0" warning="0" completed="0" inProgress="0" pending="0" />
    <Output>
      <StdOut>[xUnit.net 00:00:00.00] xUnit.net VSTest Adapter v3.0.0+e341b939fe (64-bit .NET 9.0.7)
[xUnit.net 00:00:00.09]   Discovering: AspNetCoreApi.Tests
[xUnit.net 00:00:00.12]   Discovered:  AspNetCoreApi.Tests
[xUnit.net 00:00:00.13]   Starting:    AspNetCoreApi.Tests
[xUnit.net 00:00:00.61]   Finished:    AspNetCoreApi.Tests
</StdOut>
    </Output>
  </ResultSummary>
</TestRun>